<?xml version="1.0" encoding="UTF-8"?>
<testng-results ignored="0" total="2" passed="2" failed="0" skipped="0">
  <reporter-output>
  </reporter-output>
  <suite started-at="2022-02-02T01:00:36 BRT" name="Default suite" finished-at="2022-02-02T01:00:40 BRT" duration-ms="4068">
    <groups>
    </groups>
    <test started-at="2022-02-02T01:00:36 BRT" name="Default test" finished-at="2022-02-02T01:00:40 BRT" duration-ms="4068">
      <class name="ExcelDriven">
        <test-method signature="addBook(java.util.Map)[pri:0, instance:ExcelDriven@25084a1e]" started-at="2022-02-02T01:00:37 BRT" name="addBook" data-provider="books" finished-at="2022-02-02T01:00:39 BRT" duration-ms="2722" status="PASS">
          <params>
            <param index="0">
              <value>
                <![CDATA[{name=name1, aisle=aisle1, author=author1, isbn=isbn1}]]>
              </value>
            </param>
          </params>
          <reporter-output>
          </reporter-output>
        </test-method> <!-- addBook -->
        <test-method signature="addBook(java.util.Map)[pri:0, instance:ExcelDriven@25084a1e]" started-at="2022-02-02T01:00:39 BRT" name="addBook" data-provider="books" finished-at="2022-02-02T01:00:40 BRT" duration-ms="772" status="PASS">
          <params>
            <param index="0">
              <value>
                <![CDATA[{name=name2, aisle=aisle2, author=author2, isbn=isbn2}]]>
              </value>
            </param>
          </params>
          <reporter-output>
          </reporter-output>
        </test-method> <!-- addBook -->
      </class> <!-- ExcelDriven -->
    </test> <!-- Default test -->
  </suite> <!-- Default suite -->
</testng-results>
